CRITICAL - 2022-05-17 12:11:13 --> Cannot use object of type mysqli as array
#0 C:\xampp\htdocs\myclinic\vendor\codeigniter4\framework\system\CodeIgniter.php(832): App\Controllers\Diagnosa->save()
#1 C:\xampp\htdocs\myclinic\vendor\codeigniter4\framework\system\CodeIgniter.php(419): CodeIgniter\CodeIgniter->runController(Object(App\Controllers\Diagnosa))
#2 C:\xampp\htdocs\myclinic\vendor\codeigniter4\framework\system\CodeIgniter.php(326): CodeIgniter\CodeIgniter->handleRequest(NULL, Object(Config\Cache), false)
#3 C:\xampp\htdocs\myclinic\public\index.php(37): CodeIgniter\CodeIgniter->run()
#4 C:\xampp\htdocs\myclinic\vendor\codeigniter4\framework\system\Commands\Server\rewrite.php(43): require_once('C:\\xampp\\htdocs...')
#5 {main}
CRITICAL - 2022-05-17 12:17:43 --> Cannot access offset of type string on string
#0 C:\xampp\htdocs\myclinic\vendor\codeigniter4\framework\system\CodeIgniter.php(832): App\Controllers\Diagnosa->save()
#1 C:\xampp\htdocs\myclinic\vendor\codeigniter4\framework\system\CodeIgniter.php(419): CodeIgniter\CodeIgniter->runController(Object(App\Controllers\Diagnosa))
#2 C:\xampp\htdocs\myclinic\vendor\codeigniter4\framework\system\CodeIgniter.php(326): CodeIgniter\CodeIgniter->handleRequest(NULL, Object(Config\Cache), false)
#3 C:\xampp\htdocs\myclinic\public\index.php(37): CodeIgniter\CodeIgniter->run()
#4 C:\xampp\htdocs\myclinic\vendor\codeigniter4\framework\system\Commands\Server\rewrite.php(43): require_once('C:\\xampp\\htdocs...')
#5 {main}
ERROR - 2022-05-17 12:18:54 --> Cannot add or update a child row: a foreign key constraint fails (`klinik_akiva`.`diagnosa`, CONSTRAINT `diagnosa_ibfk_1` FOREIGN KEY (`id_pendaftaran`) REFERENCES `pendaftaran` (`id_pendaftaran`) ON DELETE CASCADE ON UPDATE CASCADE)
CRITICAL - 2022-05-17 12:18:54 --> Cannot add or update a child row: a foreign key constraint fails (`klinik_akiva`.`diagnosa`, CONSTRAINT `diagnosa_ibfk_1` FOREIGN KEY (`id_pendaftaran`) REFERENCES `pendaftaran` (`id_pendaftaran`) ON DELETE CASCADE ON UPDATE CASCADE)
#0 C:\xampp\htdocs\myclinic\vendor\codeigniter4\framework\system\Database\MySQLi\Connection.php(292): mysqli->query('INSERT INTO `di...', 0)
#1 C:\xampp\htdocs\myclinic\vendor\codeigniter4\framework\system\Database\BaseConnection.php(670): CodeIgniter\Database\MySQLi\Connection->execute('INSERT INTO `di...')
#2 C:\xampp\htdocs\myclinic\vendor\codeigniter4\framework\system\Database\BaseConnection.php(598): CodeIgniter\Database\BaseConnection->simpleQuery('INSERT INTO `di...')
#3 C:\xampp\htdocs\myclinic\vendor\codeigniter4\framework\system\Database\BaseBuilder.php(1771): CodeIgniter\Database\BaseConnection->query('INSERT INTO `di...', Array, false)
#4 C:\xampp\htdocs\myclinic\vendor\codeigniter4\framework\system\Model.php(239): CodeIgniter\Database\BaseBuilder->insert()
#5 C:\xampp\htdocs\myclinic\vendor\codeigniter4\framework\system\BaseModel.php(738): CodeIgniter\Model->doInsert(Array)
#6 C:\xampp\htdocs\myclinic\vendor\codeigniter4\framework\system\Model.php(625): CodeIgniter\BaseModel->insert(Array, false)
#7 C:\xampp\htdocs\myclinic\vendor\codeigniter4\framework\system\BaseModel.php(658): CodeIgniter\Model->insert(Array, false)
#8 C:\xampp\htdocs\myclinic\app\Controllers\Diagnosa.php(146): CodeIgniter\BaseModel->save(Array)
#9 C:\xampp\htdocs\myclinic\vendor\codeigniter4\framework\system\CodeIgniter.php(832): App\Controllers\Diagnosa->save()
#10 C:\xampp\htdocs\myclinic\vendor\codeigniter4\framework\system\CodeIgniter.php(419): CodeIgniter\CodeIgniter->runController(Object(App\Controllers\Diagnosa))
#11 C:\xampp\htdocs\myclinic\vendor\codeigniter4\framework\system\CodeIgniter.php(326): CodeIgniter\CodeIgniter->handleRequest(NULL, Object(Config\Cache), false)
#12 C:\xampp\htdocs\myclinic\public\index.php(37): CodeIgniter\CodeIgniter->run()
#13 C:\xampp\htdocs\myclinic\vendor\codeigniter4\framework\system\Commands\Server\rewrite.php(43): require_once('C:\\xampp\\htdocs...')
#14 {main}
CRITICAL - 2022-05-17 12:23:30 --> Cannot use object of type stdClass as array
#0 C:\xampp\htdocs\myclinic\vendor\codeigniter4\framework\system\View\View.php(210): include()
#1 C:\xampp\htdocs\myclinic\vendor\codeigniter4\framework\system\View\View.php(213): CodeIgniter\View\View->CodeIgniter\View\{closure}()
#2 C:\xampp\htdocs\myclinic\vendor\codeigniter4\framework\system\Common.php(1089): CodeIgniter\View\View->render('pendaftaran/dia...', Array, true)
#3 C:\xampp\htdocs\myclinic\app\Controllers\Diagnosa.php(47): view('pendaftaran/dia...', Array)
#4 C:\xampp\htdocs\myclinic\vendor\codeigniter4\framework\system\CodeIgniter.php(832): App\Controllers\Diagnosa->tindakan('78')
#5 C:\xampp\htdocs\myclinic\vendor\codeigniter4\framework\system\CodeIgniter.php(419): CodeIgniter\CodeIgniter->runController(Object(App\Controllers\Diagnosa))
#6 C:\xampp\htdocs\myclinic\vendor\codeigniter4\framework\system\CodeIgniter.php(326): CodeIgniter\CodeIgniter->handleRequest(NULL, Object(Config\Cache), false)
#7 C:\xampp\htdocs\myclinic\public\index.php(37): CodeIgniter\CodeIgniter->run()
#8 C:\xampp\htdocs\myclinic\vendor\codeigniter4\framework\system\Commands\Server\rewrite.php(43): require_once('C:\\xampp\\htdocs...')
#9 {main}
CRITICAL - 2022-05-17 12:23:34 --> Cannot use object of type stdClass as array
#0 C:\xampp\htdocs\myclinic\vendor\codeigniter4\framework\system\View\View.php(210): include()
#1 C:\xampp\htdocs\myclinic\vendor\codeigniter4\framework\system\View\View.php(213): CodeIgniter\View\View->CodeIgniter\View\{closure}()
#2 C:\xampp\htdocs\myclinic\vendor\codeigniter4\framework\system\Common.php(1089): CodeIgniter\View\View->render('pendaftaran/dia...', Array, true)
#3 C:\xampp\htdocs\myclinic\app\Controllers\Diagnosa.php(47): view('pendaftaran/dia...', Array)
#4 C:\xampp\htdocs\myclinic\vendor\codeigniter4\framework\system\CodeIgniter.php(832): App\Controllers\Diagnosa->tindakan('78')
#5 C:\xampp\htdocs\myclinic\vendor\codeigniter4\framework\system\CodeIgniter.php(419): CodeIgniter\CodeIgniter->runController(Object(App\Controllers\Diagnosa))
#6 C:\xampp\htdocs\myclinic\vendor\codeigniter4\framework\system\CodeIgniter.php(326): CodeIgniter\CodeIgniter->handleRequest(NULL, Object(Config\Cache), false)
#7 C:\xampp\htdocs\myclinic\public\index.php(37): CodeIgniter\CodeIgniter->run()
#8 C:\xampp\htdocs\myclinic\vendor\codeigniter4\framework\system\Commands\Server\rewrite.php(43): require_once('C:\\xampp\\htdocs...')
#9 {main}
CRITICAL - 2022-05-17 12:26:20 --> Call to undefined method stdClass::getResultArray()
#0 C:\xampp\htdocs\myclinic\vendor\codeigniter4\framework\system\View\View.php(210): include()
#1 C:\xampp\htdocs\myclinic\vendor\codeigniter4\framework\system\View\View.php(213): CodeIgniter\View\View->CodeIgniter\View\{closure}()
#2 C:\xampp\htdocs\myclinic\vendor\codeigniter4\framework\system\Common.php(1089): CodeIgniter\View\View->render('pendaftaran/dia...', Array, true)
#3 C:\xampp\htdocs\myclinic\app\Controllers\Diagnosa.php(47): view('pendaftaran/dia...', Array)
#4 C:\xampp\htdocs\myclinic\vendor\codeigniter4\framework\system\CodeIgniter.php(832): App\Controllers\Diagnosa->tindakan('78')
#5 C:\xampp\htdocs\myclinic\vendor\codeigniter4\framework\system\CodeIgniter.php(419): CodeIgniter\CodeIgniter->runController(Object(App\Controllers\Diagnosa))
#6 C:\xampp\htdocs\myclinic\vendor\codeigniter4\framework\system\CodeIgniter.php(326): CodeIgniter\CodeIgniter->handleRequest(NULL, Object(Config\Cache), false)
#7 C:\xampp\htdocs\myclinic\public\index.php(37): CodeIgniter\CodeIgniter->run()
#8 C:\xampp\htdocs\myclinic\vendor\codeigniter4\framework\system\Commands\Server\rewrite.php(43): require_once('C:\\xampp\\htdocs...')
#9 {main}
CRITICAL - 2022-05-17 12:27:54 --> Call to undefined method stdClass::getResultArray()
#0 C:\xampp\htdocs\myclinic\vendor\codeigniter4\framework\system\CodeIgniter.php(832): App\Controllers\Diagnosa->tindakan('78')
#1 C:\xampp\htdocs\myclinic\vendor\codeigniter4\framework\system\CodeIgniter.php(419): CodeIgniter\CodeIgniter->runController(Object(App\Controllers\Diagnosa))
#2 C:\xampp\htdocs\myclinic\vendor\codeigniter4\framework\system\CodeIgniter.php(326): CodeIgniter\CodeIgniter->handleRequest(NULL, Object(Config\Cache), false)
#3 C:\xampp\htdocs\myclinic\public\index.php(37): CodeIgniter\CodeIgniter->run()
#4 C:\xampp\htdocs\myclinic\vendor\codeigniter4\framework\system\Commands\Server\rewrite.php(43): require_once('C:\\xampp\\htdocs...')
#5 {main}
CRITICAL - 2022-05-17 12:28:27 --> Call to undefined method stdClass::getResultArray()
#0 C:\xampp\htdocs\myclinic\vendor\codeigniter4\framework\system\CodeIgniter.php(832): App\Controllers\Diagnosa->tindakan('78')
#1 C:\xampp\htdocs\myclinic\vendor\codeigniter4\framework\system\CodeIgniter.php(419): CodeIgniter\CodeIgniter->runController(Object(App\Controllers\Diagnosa))
#2 C:\xampp\htdocs\myclinic\vendor\codeigniter4\framework\system\CodeIgniter.php(326): CodeIgniter\CodeIgniter->handleRequest(NULL, Object(Config\Cache), false)
#3 C:\xampp\htdocs\myclinic\public\index.php(37): CodeIgniter\CodeIgniter->run()
#4 C:\xampp\htdocs\myclinic\vendor\codeigniter4\framework\system\Commands\Server\rewrite.php(43): require_once('C:\\xampp\\htdocs...')
#5 {main}
CRITICAL - 2022-05-17 12:28:53 --> Cannot use object of type CodeIgniter\Database\MySQLi\Result as array
#0 C:\xampp\htdocs\myclinic\vendor\codeigniter4\framework\system\View\View.php(210): include()
#1 C:\xampp\htdocs\myclinic\vendor\codeigniter4\framework\system\View\View.php(213): CodeIgniter\View\View->CodeIgniter\View\{closure}()
#2 C:\xampp\htdocs\myclinic\vendor\codeigniter4\framework\system\Common.php(1089): CodeIgniter\View\View->render('pendaftaran/dia...', Array, true)
#3 C:\xampp\htdocs\myclinic\app\Controllers\Diagnosa.php(47): view('pendaftaran/dia...', Array)
#4 C:\xampp\htdocs\myclinic\vendor\codeigniter4\framework\system\CodeIgniter.php(832): App\Controllers\Diagnosa->tindakan('78')
#5 C:\xampp\htdocs\myclinic\vendor\codeigniter4\framework\system\CodeIgniter.php(419): CodeIgniter\CodeIgniter->runController(Object(App\Controllers\Diagnosa))
#6 C:\xampp\htdocs\myclinic\vendor\codeigniter4\framework\system\CodeIgniter.php(326): CodeIgniter\CodeIgniter->handleRequest(NULL, Object(Config\Cache), false)
#7 C:\xampp\htdocs\myclinic\public\index.php(37): CodeIgniter\CodeIgniter->run()
#8 C:\xampp\htdocs\myclinic\vendor\codeigniter4\framework\system\Commands\Server\rewrite.php(43): require_once('C:\\xampp\\htdocs...')
#9 {main}
CRITICAL - 2022-05-17 12:31:32 --> Undefined array key "o"
#0 C:\xampp\htdocs\myclinic\app\Views\pendaftaran\diagnosa\tindakan.php(9): CodeIgniter\Debug\Exceptions->errorHandler(2, 'Undefined array...', 'C:\\xampp\\htdocs...', 9)
#1 C:\xampp\htdocs\myclinic\vendor\codeigniter4\framework\system\View\View.php(210): include('C:\\xampp\\htdocs...')
#2 C:\xampp\htdocs\myclinic\vendor\codeigniter4\framework\system\View\View.php(213): CodeIgniter\View\View->CodeIgniter\View\{closure}()
#3 C:\xampp\htdocs\myclinic\vendor\codeigniter4\framework\system\Common.php(1089): CodeIgniter\View\View->render('pendaftaran/dia...', Array, true)
#4 C:\xampp\htdocs\myclinic\app\Controllers\Diagnosa.php(47): view('pendaftaran/dia...', Array)
#5 C:\xampp\htdocs\myclinic\vendor\codeigniter4\framework\system\CodeIgniter.php(832): App\Controllers\Diagnosa->tindakan('78')
#6 C:\xampp\htdocs\myclinic\vendor\codeigniter4\framework\system\CodeIgniter.php(419): CodeIgniter\CodeIgniter->runController(Object(App\Controllers\Diagnosa))
#7 C:\xampp\htdocs\myclinic\vendor\codeigniter4\framework\system\CodeIgniter.php(326): CodeIgniter\CodeIgniter->handleRequest(NULL, Object(Config\Cache), false)
#8 C:\xampp\htdocs\myclinic\public\index.php(37): CodeIgniter\CodeIgniter->run()
#9 C:\xampp\htdocs\myclinic\vendor\codeigniter4\framework\system\Commands\Server\rewrite.php(43): require_once('C:\\xampp\\htdocs...')
#10 {main}
CRITICAL - 2022-05-17 12:31:56 --> Undefined array key "o"
#0 C:\xampp\htdocs\myclinic\app\Views\pendaftaran\diagnosa\tindakan.php(8): CodeIgniter\Debug\Exceptions->errorHandler(2, 'Undefined array...', 'C:\\xampp\\htdocs...', 8)
#1 C:\xampp\htdocs\myclinic\vendor\codeigniter4\framework\system\View\View.php(210): include('C:\\xampp\\htdocs...')
#2 C:\xampp\htdocs\myclinic\vendor\codeigniter4\framework\system\View\View.php(213): CodeIgniter\View\View->CodeIgniter\View\{closure}()
#3 C:\xampp\htdocs\myclinic\vendor\codeigniter4\framework\system\Common.php(1089): CodeIgniter\View\View->render('pendaftaran/dia...', Array, true)
#4 C:\xampp\htdocs\myclinic\app\Controllers\Diagnosa.php(47): view('pendaftaran/dia...', Array)
#5 C:\xampp\htdocs\myclinic\vendor\codeigniter4\framework\system\CodeIgniter.php(832): App\Controllers\Diagnosa->tindakan('78')
#6 C:\xampp\htdocs\myclinic\vendor\codeigniter4\framework\system\CodeIgniter.php(419): CodeIgniter\CodeIgniter->runController(Object(App\Controllers\Diagnosa))
#7 C:\xampp\htdocs\myclinic\vendor\codeigniter4\framework\system\CodeIgniter.php(326): CodeIgniter\CodeIgniter->handleRequest(NULL, Object(Config\Cache), false)
#8 C:\xampp\htdocs\myclinic\public\index.php(37): CodeIgniter\CodeIgniter->run()
#9 C:\xampp\htdocs\myclinic\vendor\codeigniter4\framework\system\Commands\Server\rewrite.php(43): require_once('C:\\xampp\\htdocs...')
#10 {main}
