CRITICAL - 2022-04-17 02:01:54 --> Unparenthesized `a ? b : c ? d : e` is not supported. Use either `(a ? b : c) ? d : e` or `a ? b : (c ? d : e)`
#0 [internal function]: CodeIgniter\Debug\Exceptions->shutdownHandler()
#1 {main}
CRITICAL - 2022-04-17 02:02:56 --> Trying to access array offset on value of type null
#0 C:\xampp\htdocs\myclinic\app\Views\obat\edit.php(45): CodeIgniter\Debug\Exceptions->errorHandler(2, 'Trying to acces...', 'C:\\xampp\\htdocs...', 45)
#1 C:\xampp\htdocs\myclinic\vendor\codeigniter4\framework\system\View\View.php(210): include('C:\\xampp\\htdocs...')
#2 C:\xampp\htdocs\myclinic\vendor\codeigniter4\framework\system\View\View.php(213): CodeIgniter\View\View->CodeIgniter\View\{closure}()
#3 C:\xampp\htdocs\myclinic\vendor\codeigniter4\framework\system\Common.php(1089): CodeIgniter\View\View->render('obat/edit', Array, true)
#4 C:\xampp\htdocs\myclinic\app\Controllers\Obat.php(83): view('obat/edit', Array)
#5 C:\xampp\htdocs\myclinic\vendor\codeigniter4\framework\system\CodeIgniter.php(832): App\Controllers\Obat->edit('jquery-3.2.1.mi...')
#6 C:\xampp\htdocs\myclinic\vendor\codeigniter4\framework\system\CodeIgniter.php(419): CodeIgniter\CodeIgniter->runController(Object(App\Controllers\Obat))
#7 C:\xampp\htdocs\myclinic\vendor\codeigniter4\framework\system\CodeIgniter.php(326): CodeIgniter\CodeIgniter->handleRequest(NULL, Object(Config\Cache), false)
#8 C:\xampp\htdocs\myclinic\public\index.php(37): CodeIgniter\CodeIgniter->run()
#9 C:\xampp\htdocs\myclinic\vendor\codeigniter4\framework\system\Commands\Server\rewrite.php(43): require_once('C:\\xampp\\htdocs...')
#10 {main}
CRITICAL - 2022-04-17 02:02:56 --> Trying to access array offset on value of type null
#0 C:\xampp\htdocs\myclinic\app\Views\obat\edit.php(45): CodeIgniter\Debug\Exceptions->errorHandler(2, 'Trying to acces...', 'C:\\xampp\\htdocs...', 45)
#1 C:\xampp\htdocs\myclinic\vendor\codeigniter4\framework\system\View\View.php(210): include('C:\\xampp\\htdocs...')
#2 C:\xampp\htdocs\myclinic\vendor\codeigniter4\framework\system\View\View.php(213): CodeIgniter\View\View->CodeIgniter\View\{closure}()
#3 C:\xampp\htdocs\myclinic\vendor\codeigniter4\framework\system\Common.php(1089): CodeIgniter\View\View->render('obat/edit', Array, true)
#4 C:\xampp\htdocs\myclinic\app\Controllers\Obat.php(83): view('obat/edit', Array)
#5 C:\xampp\htdocs\myclinic\vendor\codeigniter4\framework\system\CodeIgniter.php(832): App\Controllers\Obat->edit('jquery.autocomp...')
#6 C:\xampp\htdocs\myclinic\vendor\codeigniter4\framework\system\CodeIgniter.php(419): CodeIgniter\CodeIgniter->runController(Object(App\Controllers\Obat))
#7 C:\xampp\htdocs\myclinic\vendor\codeigniter4\framework\system\CodeIgniter.php(326): CodeIgniter\CodeIgniter->handleRequest(NULL, Object(Config\Cache), false)
#8 C:\xampp\htdocs\myclinic\public\index.php(37): CodeIgniter\CodeIgniter->run()
#9 C:\xampp\htdocs\myclinic\vendor\codeigniter4\framework\system\Commands\Server\rewrite.php(43): require_once('C:\\xampp\\htdocs...')
#10 {main}
CRITICAL - 2022-04-17 02:05:27 --> Trying to access array offset on value of type null
#0 C:\xampp\htdocs\myclinic\app\Views\obat\edit.php(45): CodeIgniter\Debug\Exceptions->errorHandler(2, 'Trying to acces...', 'C:\\xampp\\htdocs...', 45)
#1 C:\xampp\htdocs\myclinic\vendor\codeigniter4\framework\system\View\View.php(210): include('C:\\xampp\\htdocs...')
#2 C:\xampp\htdocs\myclinic\vendor\codeigniter4\framework\system\View\View.php(213): CodeIgniter\View\View->CodeIgniter\View\{closure}()
#3 C:\xampp\htdocs\myclinic\vendor\codeigniter4\framework\system\Common.php(1089): CodeIgniter\View\View->render('obat/edit', Array, true)
#4 C:\xampp\htdocs\myclinic\app\Controllers\Obat.php(83): view('obat/edit', Array)
#5 C:\xampp\htdocs\myclinic\vendor\codeigniter4\framework\system\CodeIgniter.php(832): App\Controllers\Obat->edit('jquery-3.2.1.mi...')
#6 C:\xampp\htdocs\myclinic\vendor\codeigniter4\framework\system\CodeIgniter.php(419): CodeIgniter\CodeIgniter->runController(Object(App\Controllers\Obat))
#7 C:\xampp\htdocs\myclinic\vendor\codeigniter4\framework\system\CodeIgniter.php(326): CodeIgniter\CodeIgniter->handleRequest(NULL, Object(Config\Cache), false)
#8 C:\xampp\htdocs\myclinic\public\index.php(37): CodeIgniter\CodeIgniter->run()
#9 C:\xampp\htdocs\myclinic\vendor\codeigniter4\framework\system\Commands\Server\rewrite.php(43): require_once('C:\\xampp\\htdocs...')
#10 {main}
CRITICAL - 2022-04-17 02:05:27 --> Trying to access array offset on value of type null
#0 C:\xampp\htdocs\myclinic\app\Views\obat\edit.php(45): CodeIgniter\Debug\Exceptions->errorHandler(2, 'Trying to acces...', 'C:\\xampp\\htdocs...', 45)
#1 C:\xampp\htdocs\myclinic\vendor\codeigniter4\framework\system\View\View.php(210): include('C:\\xampp\\htdocs...')
#2 C:\xampp\htdocs\myclinic\vendor\codeigniter4\framework\system\View\View.php(213): CodeIgniter\View\View->CodeIgniter\View\{closure}()
#3 C:\xampp\htdocs\myclinic\vendor\codeigniter4\framework\system\Common.php(1089): CodeIgniter\View\View->render('obat/edit', Array, true)
#4 C:\xampp\htdocs\myclinic\app\Controllers\Obat.php(83): view('obat/edit', Array)
#5 C:\xampp\htdocs\myclinic\vendor\codeigniter4\framework\system\CodeIgniter.php(832): App\Controllers\Obat->edit('jquery.autocomp...')
#6 C:\xampp\htdocs\myclinic\vendor\codeigniter4\framework\system\CodeIgniter.php(419): CodeIgniter\CodeIgniter->runController(Object(App\Controllers\Obat))
#7 C:\xampp\htdocs\myclinic\vendor\codeigniter4\framework\system\CodeIgniter.php(326): CodeIgniter\CodeIgniter->handleRequest(NULL, Object(Config\Cache), false)
#8 C:\xampp\htdocs\myclinic\public\index.php(37): CodeIgniter\CodeIgniter->run()
#9 C:\xampp\htdocs\myclinic\vendor\codeigniter4\framework\system\Commands\Server\rewrite.php(43): require_once('C:\\xampp\\htdocs...')
#10 {main}
CRITICAL - 2022-04-17 02:07:59 --> Trying to access array offset on value of type null
#0 C:\xampp\htdocs\myclinic\app\Views\obat\edit.php(45): CodeIgniter\Debug\Exceptions->errorHandler(2, 'Trying to acces...', 'C:\\xampp\\htdocs...', 45)
#1 C:\xampp\htdocs\myclinic\vendor\codeigniter4\framework\system\View\View.php(210): include('C:\\xampp\\htdocs...')
#2 C:\xampp\htdocs\myclinic\vendor\codeigniter4\framework\system\View\View.php(213): CodeIgniter\View\View->CodeIgniter\View\{closure}()
#3 C:\xampp\htdocs\myclinic\vendor\codeigniter4\framework\system\Common.php(1089): CodeIgniter\View\View->render('obat/edit', Array, true)
#4 C:\xampp\htdocs\myclinic\app\Controllers\Obat.php(83): view('obat/edit', Array)
#5 C:\xampp\htdocs\myclinic\vendor\codeigniter4\framework\system\CodeIgniter.php(832): App\Controllers\Obat->edit('jquery-3.2.1.mi...')
#6 C:\xampp\htdocs\myclinic\vendor\codeigniter4\framework\system\CodeIgniter.php(419): CodeIgniter\CodeIgniter->runController(Object(App\Controllers\Obat))
#7 C:\xampp\htdocs\myclinic\vendor\codeigniter4\framework\system\CodeIgniter.php(326): CodeIgniter\CodeIgniter->handleRequest(NULL, Object(Config\Cache), false)
#8 C:\xampp\htdocs\myclinic\public\index.php(37): CodeIgniter\CodeIgniter->run()
#9 C:\xampp\htdocs\myclinic\vendor\codeigniter4\framework\system\Commands\Server\rewrite.php(43): require_once('C:\\xampp\\htdocs...')
#10 {main}
CRITICAL - 2022-04-17 02:07:59 --> Trying to access array offset on value of type null
#0 C:\xampp\htdocs\myclinic\app\Views\obat\edit.php(45): CodeIgniter\Debug\Exceptions->errorHandler(2, 'Trying to acces...', 'C:\\xampp\\htdocs...', 45)
#1 C:\xampp\htdocs\myclinic\vendor\codeigniter4\framework\system\View\View.php(210): include('C:\\xampp\\htdocs...')
#2 C:\xampp\htdocs\myclinic\vendor\codeigniter4\framework\system\View\View.php(213): CodeIgniter\View\View->CodeIgniter\View\{closure}()
#3 C:\xampp\htdocs\myclinic\vendor\codeigniter4\framework\system\Common.php(1089): CodeIgniter\View\View->render('obat/edit', Array, true)
#4 C:\xampp\htdocs\myclinic\app\Controllers\Obat.php(83): view('obat/edit', Array)
#5 C:\xampp\htdocs\myclinic\vendor\codeigniter4\framework\system\CodeIgniter.php(832): App\Controllers\Obat->edit('jquery.autocomp...')
#6 C:\xampp\htdocs\myclinic\vendor\codeigniter4\framework\system\CodeIgniter.php(419): CodeIgniter\CodeIgniter->runController(Object(App\Controllers\Obat))
#7 C:\xampp\htdocs\myclinic\vendor\codeigniter4\framework\system\CodeIgniter.php(326): CodeIgniter\CodeIgniter->handleRequest(NULL, Object(Config\Cache), false)
#8 C:\xampp\htdocs\myclinic\public\index.php(37): CodeIgniter\CodeIgniter->run()
#9 C:\xampp\htdocs\myclinic\vendor\codeigniter4\framework\system\Commands\Server\rewrite.php(43): require_once('C:\\xampp\\htdocs...')
#10 {main}
CRITICAL - 2022-04-17 02:08:02 --> Too few arguments to function App\Controllers\Obat::update(), 0 passed in C:\xampp\htdocs\myclinic\vendor\codeigniter4\framework\system\CodeIgniter.php on line 832 and exactly 1 expected
#0 C:\xampp\htdocs\myclinic\vendor\codeigniter4\framework\system\CodeIgniter.php(832): App\Controllers\Obat->update()
#1 C:\xampp\htdocs\myclinic\vendor\codeigniter4\framework\system\CodeIgniter.php(419): CodeIgniter\CodeIgniter->runController(Object(App\Controllers\Obat))
#2 C:\xampp\htdocs\myclinic\vendor\codeigniter4\framework\system\CodeIgniter.php(326): CodeIgniter\CodeIgniter->handleRequest(NULL, Object(Config\Cache), false)
#3 C:\xampp\htdocs\myclinic\public\index.php(37): CodeIgniter\CodeIgniter->run()
#4 C:\xampp\htdocs\myclinic\vendor\codeigniter4\framework\system\Commands\Server\rewrite.php(43): require_once('C:\\xampp\\htdocs...')
#5 {main}
CRITICAL - 2022-04-17 02:09:14 --> Trying to access array offset on value of type null
#0 C:\xampp\htdocs\myclinic\app\Views\obat\edit.php(14): CodeIgniter\Debug\Exceptions->errorHandler(2, 'Trying to acces...', 'C:\\xampp\\htdocs...', 14)
#1 C:\xampp\htdocs\myclinic\vendor\codeigniter4\framework\system\View\View.php(210): include('C:\\xampp\\htdocs...')
#2 C:\xampp\htdocs\myclinic\vendor\codeigniter4\framework\system\View\View.php(213): CodeIgniter\View\View->CodeIgniter\View\{closure}()
#3 C:\xampp\htdocs\myclinic\vendor\codeigniter4\framework\system\Common.php(1089): CodeIgniter\View\View->render('obat/edit', Array, true)
#4 C:\xampp\htdocs\myclinic\app\Controllers\Obat.php(83): view('obat/edit', Array)
#5 C:\xampp\htdocs\myclinic\vendor\codeigniter4\framework\system\CodeIgniter.php(832): App\Controllers\Obat->edit('jquery-3.2.1.mi...')
#6 C:\xampp\htdocs\myclinic\vendor\codeigniter4\framework\system\CodeIgniter.php(419): CodeIgniter\CodeIgniter->runController(Object(App\Controllers\Obat))
#7 C:\xampp\htdocs\myclinic\vendor\codeigniter4\framework\system\CodeIgniter.php(326): CodeIgniter\CodeIgniter->handleRequest(NULL, Object(Config\Cache), false)
#8 C:\xampp\htdocs\myclinic\public\index.php(37): CodeIgniter\CodeIgniter->run()
#9 C:\xampp\htdocs\myclinic\vendor\codeigniter4\framework\system\Commands\Server\rewrite.php(43): require_once('C:\\xampp\\htdocs...')
#10 {main}
CRITICAL - 2022-04-17 02:09:14 --> Trying to access array offset on value of type null
#0 C:\xampp\htdocs\myclinic\app\Views\obat\edit.php(14): CodeIgniter\Debug\Exceptions->errorHandler(2, 'Trying to acces...', 'C:\\xampp\\htdocs...', 14)
#1 C:\xampp\htdocs\myclinic\vendor\codeigniter4\framework\system\View\View.php(210): include('C:\\xampp\\htdocs...')
#2 C:\xampp\htdocs\myclinic\vendor\codeigniter4\framework\system\View\View.php(213): CodeIgniter\View\View->CodeIgniter\View\{closure}()
#3 C:\xampp\htdocs\myclinic\vendor\codeigniter4\framework\system\Common.php(1089): CodeIgniter\View\View->render('obat/edit', Array, true)
#4 C:\xampp\htdocs\myclinic\app\Controllers\Obat.php(83): view('obat/edit', Array)
#5 C:\xampp\htdocs\myclinic\vendor\codeigniter4\framework\system\CodeIgniter.php(832): App\Controllers\Obat->edit('jquery.autocomp...')
#6 C:\xampp\htdocs\myclinic\vendor\codeigniter4\framework\system\CodeIgniter.php(419): CodeIgniter\CodeIgniter->runController(Object(App\Controllers\Obat))
#7 C:\xampp\htdocs\myclinic\vendor\codeigniter4\framework\system\CodeIgniter.php(326): CodeIgniter\CodeIgniter->handleRequest(NULL, Object(Config\Cache), false)
#8 C:\xampp\htdocs\myclinic\public\index.php(37): CodeIgniter\CodeIgniter->run()
#9 C:\xampp\htdocs\myclinic\vendor\codeigniter4\framework\system\Commands\Server\rewrite.php(43): require_once('C:\\xampp\\htdocs...')
#10 {main}
CRITICAL - 2022-04-17 02:10:47 --> Trying to access array offset on value of type null
#0 C:\xampp\htdocs\myclinic\app\Views\obat\edit.php(14): CodeIgniter\Debug\Exceptions->errorHandler(2, 'Trying to acces...', 'C:\\xampp\\htdocs...', 14)
#1 C:\xampp\htdocs\myclinic\vendor\codeigniter4\framework\system\View\View.php(210): include('C:\\xampp\\htdocs...')
#2 C:\xampp\htdocs\myclinic\vendor\codeigniter4\framework\system\View\View.php(213): CodeIgniter\View\View->CodeIgniter\View\{closure}()
#3 C:\xampp\htdocs\myclinic\vendor\codeigniter4\framework\system\Common.php(1089): CodeIgniter\View\View->render('obat/edit', Array, true)
#4 C:\xampp\htdocs\myclinic\app\Controllers\Obat.php(83): view('obat/edit', Array)
#5 C:\xampp\htdocs\myclinic\vendor\codeigniter4\framework\system\CodeIgniter.php(832): App\Controllers\Obat->edit('jquery-3.2.1.mi...')
#6 C:\xampp\htdocs\myclinic\vendor\codeigniter4\framework\system\CodeIgniter.php(419): CodeIgniter\CodeIgniter->runController(Object(App\Controllers\Obat))
#7 C:\xampp\htdocs\myclinic\vendor\codeigniter4\framework\system\CodeIgniter.php(326): CodeIgniter\CodeIgniter->handleRequest(NULL, Object(Config\Cache), false)
#8 C:\xampp\htdocs\myclinic\public\index.php(37): CodeIgniter\CodeIgniter->run()
#9 C:\xampp\htdocs\myclinic\vendor\codeigniter4\framework\system\Commands\Server\rewrite.php(43): require_once('C:\\xampp\\htdocs...')
#10 {main}
CRITICAL - 2022-04-17 02:10:47 --> Trying to access array offset on value of type null
#0 C:\xampp\htdocs\myclinic\app\Views\obat\edit.php(14): CodeIgniter\Debug\Exceptions->errorHandler(2, 'Trying to acces...', 'C:\\xampp\\htdocs...', 14)
#1 C:\xampp\htdocs\myclinic\vendor\codeigniter4\framework\system\View\View.php(210): include('C:\\xampp\\htdocs...')
#2 C:\xampp\htdocs\myclinic\vendor\codeigniter4\framework\system\View\View.php(213): CodeIgniter\View\View->CodeIgniter\View\{closure}()
#3 C:\xampp\htdocs\myclinic\vendor\codeigniter4\framework\system\Common.php(1089): CodeIgniter\View\View->render('obat/edit', Array, true)
#4 C:\xampp\htdocs\myclinic\app\Controllers\Obat.php(83): view('obat/edit', Array)
#5 C:\xampp\htdocs\myclinic\vendor\codeigniter4\framework\system\CodeIgniter.php(832): App\Controllers\Obat->edit('jquery.autocomp...')
#6 C:\xampp\htdocs\myclinic\vendor\codeigniter4\framework\system\CodeIgniter.php(419): CodeIgniter\CodeIgniter->runController(Object(App\Controllers\Obat))
#7 C:\xampp\htdocs\myclinic\vendor\codeigniter4\framework\system\CodeIgniter.php(326): CodeIgniter\CodeIgniter->handleRequest(NULL, Object(Config\Cache), false)
#8 C:\xampp\htdocs\myclinic\public\index.php(37): CodeIgniter\CodeIgniter->run()
#9 C:\xampp\htdocs\myclinic\vendor\codeigniter4\framework\system\Commands\Server\rewrite.php(43): require_once('C:\\xampp\\htdocs...')
#10 {main}
CRITICAL - 2022-04-17 02:12:28 --> Trying to access array offset on value of type null
#0 C:\xampp\htdocs\myclinic\app\Views\obat\edit.php(14): CodeIgniter\Debug\Exceptions->errorHandler(2, 'Trying to acces...', 'C:\\xampp\\htdocs...', 14)
#1 C:\xampp\htdocs\myclinic\vendor\codeigniter4\framework\system\View\View.php(210): include('C:\\xampp\\htdocs...')
#2 C:\xampp\htdocs\myclinic\vendor\codeigniter4\framework\system\View\View.php(213): CodeIgniter\View\View->CodeIgniter\View\{closure}()
#3 C:\xampp\htdocs\myclinic\vendor\codeigniter4\framework\system\Common.php(1089): CodeIgniter\View\View->render('obat/edit', Array, true)
#4 C:\xampp\htdocs\myclinic\app\Controllers\Obat.php(83): view('obat/edit', Array)
#5 C:\xampp\htdocs\myclinic\vendor\codeigniter4\framework\system\CodeIgniter.php(832): App\Controllers\Obat->edit('jquery-3.2.1.mi...')
#6 C:\xampp\htdocs\myclinic\vendor\codeigniter4\framework\system\CodeIgniter.php(419): CodeIgniter\CodeIgniter->runController(Object(App\Controllers\Obat))
#7 C:\xampp\htdocs\myclinic\vendor\codeigniter4\framework\system\CodeIgniter.php(326): CodeIgniter\CodeIgniter->handleRequest(NULL, Object(Config\Cache), false)
#8 C:\xampp\htdocs\myclinic\public\index.php(37): CodeIgniter\CodeIgniter->run()
#9 C:\xampp\htdocs\myclinic\vendor\codeigniter4\framework\system\Commands\Server\rewrite.php(43): require_once('C:\\xampp\\htdocs...')
#10 {main}
CRITICAL - 2022-04-17 02:12:28 --> Trying to access array offset on value of type null
#0 C:\xampp\htdocs\myclinic\app\Views\obat\edit.php(14): CodeIgniter\Debug\Exceptions->errorHandler(2, 'Trying to acces...', 'C:\\xampp\\htdocs...', 14)
#1 C:\xampp\htdocs\myclinic\vendor\codeigniter4\framework\system\View\View.php(210): include('C:\\xampp\\htdocs...')
#2 C:\xampp\htdocs\myclinic\vendor\codeigniter4\framework\system\View\View.php(213): CodeIgniter\View\View->CodeIgniter\View\{closure}()
#3 C:\xampp\htdocs\myclinic\vendor\codeigniter4\framework\system\Common.php(1089): CodeIgniter\View\View->render('obat/edit', Array, true)
#4 C:\xampp\htdocs\myclinic\app\Controllers\Obat.php(83): view('obat/edit', Array)
#5 C:\xampp\htdocs\myclinic\vendor\codeigniter4\framework\system\CodeIgniter.php(832): App\Controllers\Obat->edit('jquery.autocomp...')
#6 C:\xampp\htdocs\myclinic\vendor\codeigniter4\framework\system\CodeIgniter.php(419): CodeIgniter\CodeIgniter->runController(Object(App\Controllers\Obat))
#7 C:\xampp\htdocs\myclinic\vendor\codeigniter4\framework\system\CodeIgniter.php(326): CodeIgniter\CodeIgniter->handleRequest(NULL, Object(Config\Cache), false)
#8 C:\xampp\htdocs\myclinic\public\index.php(37): CodeIgniter\CodeIgniter->run()
#9 C:\xampp\htdocs\myclinic\vendor\codeigniter4\framework\system\Commands\Server\rewrite.php(43): require_once('C:\\xampp\\htdocs...')
#10 {main}
CRITICAL - 2022-04-17 06:50:54 --> Undefined variable $scrumb
#0 C:\xampp\htdocs\myclinic\app\Views\layout\template.php(34): CodeIgniter\Debug\Exceptions->errorHandler(2, 'Undefined varia...', 'C:\\xampp\\htdocs...', 34)
#1 C:\xampp\htdocs\myclinic\vendor\codeigniter4\framework\system\View\View.php(210): include('C:\\xampp\\htdocs...')
#2 C:\xampp\htdocs\myclinic\vendor\codeigniter4\framework\system\View\View.php(213): CodeIgniter\View\View->CodeIgniter\View\{closure}()
#3 C:\xampp\htdocs\myclinic\vendor\codeigniter4\framework\system\View\View.php(226): CodeIgniter\View\View->render('layout/template', Array, true)
#4 C:\xampp\htdocs\myclinic\vendor\codeigniter4\framework\system\Common.php(1089): CodeIgniter\View\View->render('laporan/index', Array, true)
#5 C:\xampp\htdocs\myclinic\app\Controllers\Laporan.php(20): view('laporan/index', Array)
#6 C:\xampp\htdocs\myclinic\vendor\codeigniter4\framework\system\CodeIgniter.php(832): App\Controllers\Laporan->index()
#7 C:\xampp\htdocs\myclinic\vendor\codeigniter4\framework\system\CodeIgniter.php(419): CodeIgniter\CodeIgniter->runController(Object(App\Controllers\Laporan))
#8 C:\xampp\htdocs\myclinic\vendor\codeigniter4\framework\system\CodeIgniter.php(326): CodeIgniter\CodeIgniter->handleRequest(NULL, Object(Config\Cache), false)
#9 C:\xampp\htdocs\myclinic\public\index.php(37): CodeIgniter\CodeIgniter->run()
#10 C:\xampp\htdocs\myclinic\vendor\codeigniter4\framework\system\Commands\Server\rewrite.php(43): require_once('C:\\xampp\\htdocs...')
#11 {main}
