CRITICAL - 2022-05-29 02:22:39 --> Undefined variable $nik
#0 C:\xampp\htdocs\myclinic\app\Views\pendaftaran\obat\tindakan.php(6): CodeIgniter\Debug\Exceptions->errorHandler(2, 'Undefined varia...', 'C:\\xampp\\htdocs...', 6)
#1 C:\xampp\htdocs\myclinic\vendor\codeigniter4\framework\system\View\View.php(210): include('C:\\xampp\\htdocs...')
#2 C:\xampp\htdocs\myclinic\vendor\codeigniter4\framework\system\View\View.php(213): CodeIgniter\View\View->CodeIgniter\View\{closure}()
#3 C:\xampp\htdocs\myclinic\vendor\codeigniter4\framework\system\Common.php(1089): CodeIgniter\View\View->render('pendaftaran/oba...', Array, true)
#4 C:\xampp\htdocs\myclinic\app\Controllers\SistemObat.php(36): view('pendaftaran/oba...', Array)
#5 C:\xampp\htdocs\myclinic\vendor\codeigniter4\framework\system\CodeIgniter.php(832): App\Controllers\SistemObat->tindakan()
#6 C:\xampp\htdocs\myclinic\vendor\codeigniter4\framework\system\CodeIgniter.php(419): CodeIgniter\CodeIgniter->runController(Object(App\Controllers\SistemObat))
#7 C:\xampp\htdocs\myclinic\vendor\codeigniter4\framework\system\CodeIgniter.php(326): CodeIgniter\CodeIgniter->handleRequest(NULL, Object(Config\Cache), false)
#8 C:\xampp\htdocs\myclinic\public\index.php(37): CodeIgniter\CodeIgniter->run()
#9 C:\xampp\htdocs\myclinic\vendor\codeigniter4\framework\system\Commands\Server\rewrite.php(43): require_once('C:\\xampp\\htdocs...')
#10 {main}
CRITICAL - 2022-05-29 02:23:04 --> Undefined variable $nik
#0 C:\xampp\htdocs\myclinic\app\Views\pendaftaran\obat\tindakan.php(6): CodeIgniter\Debug\Exceptions->errorHandler(2, 'Undefined varia...', 'C:\\xampp\\htdocs...', 6)
#1 C:\xampp\htdocs\myclinic\vendor\codeigniter4\framework\system\View\View.php(210): include('C:\\xampp\\htdocs...')
#2 C:\xampp\htdocs\myclinic\vendor\codeigniter4\framework\system\View\View.php(213): CodeIgniter\View\View->CodeIgniter\View\{closure}()
#3 C:\xampp\htdocs\myclinic\vendor\codeigniter4\framework\system\Common.php(1089): CodeIgniter\View\View->render('pendaftaran/oba...', Array, true)
#4 C:\xampp\htdocs\myclinic\app\Controllers\SistemObat.php(36): view('pendaftaran/oba...', Array)
#5 C:\xampp\htdocs\myclinic\vendor\codeigniter4\framework\system\CodeIgniter.php(832): App\Controllers\SistemObat->tindakan()
#6 C:\xampp\htdocs\myclinic\vendor\codeigniter4\framework\system\CodeIgniter.php(419): CodeIgniter\CodeIgniter->runController(Object(App\Controllers\SistemObat))
#7 C:\xampp\htdocs\myclinic\vendor\codeigniter4\framework\system\CodeIgniter.php(326): CodeIgniter\CodeIgniter->handleRequest(NULL, Object(Config\Cache), false)
#8 C:\xampp\htdocs\myclinic\public\index.php(37): CodeIgniter\CodeIgniter->run()
#9 C:\xampp\htdocs\myclinic\vendor\codeigniter4\framework\system\Commands\Server\rewrite.php(43): require_once('C:\\xampp\\htdocs...')
#10 {main}
CRITICAL - 2022-05-29 02:26:11 --> Undefined variable $nik
#0 C:\xampp\htdocs\myclinic\app\Views\pendaftaran\obat\tindakan.php(6): CodeIgniter\Debug\Exceptions->errorHandler(2, 'Undefined varia...', 'C:\\xampp\\htdocs...', 6)
#1 C:\xampp\htdocs\myclinic\vendor\codeigniter4\framework\system\View\View.php(210): include('C:\\xampp\\htdocs...')
#2 C:\xampp\htdocs\myclinic\vendor\codeigniter4\framework\system\View\View.php(213): CodeIgniter\View\View->CodeIgniter\View\{closure}()
#3 C:\xampp\htdocs\myclinic\vendor\codeigniter4\framework\system\Common.php(1089): CodeIgniter\View\View->render('pendaftaran/oba...', Array, true)
#4 C:\xampp\htdocs\myclinic\app\Controllers\SistemObat.php(35): view('pendaftaran/oba...', Array)
#5 C:\xampp\htdocs\myclinic\vendor\codeigniter4\framework\system\CodeIgniter.php(832): App\Controllers\SistemObat->tindakan('78')
#6 C:\xampp\htdocs\myclinic\vendor\codeigniter4\framework\system\CodeIgniter.php(419): CodeIgniter\CodeIgniter->runController(Object(App\Controllers\SistemObat))
#7 C:\xampp\htdocs\myclinic\vendor\codeigniter4\framework\system\CodeIgniter.php(326): CodeIgniter\CodeIgniter->handleRequest(NULL, Object(Config\Cache), false)
#8 C:\xampp\htdocs\myclinic\public\index.php(37): CodeIgniter\CodeIgniter->run()
#9 C:\xampp\htdocs\myclinic\vendor\codeigniter4\framework\system\Commands\Server\rewrite.php(43): require_once('C:\\xampp\\htdocs...')
#10 {main}
CRITICAL - 2022-05-29 02:28:20 --> Cannot use object of type mysqli as array
#0 C:\xampp\htdocs\myclinic\vendor\codeigniter4\framework\system\View\View.php(210): include()
#1 C:\xampp\htdocs\myclinic\vendor\codeigniter4\framework\system\View\View.php(213): CodeIgniter\View\View->CodeIgniter\View\{closure}()
#2 C:\xampp\htdocs\myclinic\vendor\codeigniter4\framework\system\Common.php(1089): CodeIgniter\View\View->render('pendaftaran/oba...', Array, true)
#3 C:\xampp\htdocs\myclinic\app\Controllers\SistemObat.php(37): view('pendaftaran/oba...', Array)
#4 C:\xampp\htdocs\myclinic\vendor\codeigniter4\framework\system\CodeIgniter.php(832): App\Controllers\SistemObat->tindakan('78')
#5 C:\xampp\htdocs\myclinic\vendor\codeigniter4\framework\system\CodeIgniter.php(419): CodeIgniter\CodeIgniter->runController(Object(App\Controllers\SistemObat))
#6 C:\xampp\htdocs\myclinic\vendor\codeigniter4\framework\system\CodeIgniter.php(326): CodeIgniter\CodeIgniter->handleRequest(NULL, Object(Config\Cache), false)
#7 C:\xampp\htdocs\myclinic\public\index.php(37): CodeIgniter\CodeIgniter->run()
#8 C:\xampp\htdocs\myclinic\vendor\codeigniter4\framework\system\Commands\Server\rewrite.php(43): require_once('C:\\xampp\\htdocs...')
#9 {main}
CRITICAL - 2022-05-29 02:29:01 --> Call to undefined function query()
#0 C:\xampp\htdocs\myclinic\vendor\codeigniter4\framework\system\View\View.php(210): include()
#1 C:\xampp\htdocs\myclinic\vendor\codeigniter4\framework\system\View\View.php(213): CodeIgniter\View\View->CodeIgniter\View\{closure}()
#2 C:\xampp\htdocs\myclinic\vendor\codeigniter4\framework\system\Common.php(1089): CodeIgniter\View\View->render('pendaftaran/oba...', Array, true)
#3 C:\xampp\htdocs\myclinic\app\Controllers\SistemObat.php(37): view('pendaftaran/oba...', Array)
#4 C:\xampp\htdocs\myclinic\vendor\codeigniter4\framework\system\CodeIgniter.php(832): App\Controllers\SistemObat->tindakan('78')
#5 C:\xampp\htdocs\myclinic\vendor\codeigniter4\framework\system\CodeIgniter.php(419): CodeIgniter\CodeIgniter->runController(Object(App\Controllers\SistemObat))
#6 C:\xampp\htdocs\myclinic\vendor\codeigniter4\framework\system\CodeIgniter.php(326): CodeIgniter\CodeIgniter->handleRequest(NULL, Object(Config\Cache), false)
#7 C:\xampp\htdocs\myclinic\public\index.php(37): CodeIgniter\CodeIgniter->run()
#8 C:\xampp\htdocs\myclinic\vendor\codeigniter4\framework\system\Commands\Server\rewrite.php(43): require_once('C:\\xampp\\htdocs...')
#9 {main}
CRITICAL - 2022-05-29 02:55:29 --> Undefined array key "nama_obat"
#0 C:\xampp\htdocs\myclinic\app\Views\pendaftaran\obat\tindakan.php(57): CodeIgniter\Debug\Exceptions->errorHandler(2, 'Undefined array...', 'C:\\xampp\\htdocs...', 57)
#1 C:\xampp\htdocs\myclinic\vendor\codeigniter4\framework\system\View\View.php(210): include('C:\\xampp\\htdocs...')
#2 C:\xampp\htdocs\myclinic\vendor\codeigniter4\framework\system\View\View.php(213): CodeIgniter\View\View->CodeIgniter\View\{closure}()
#3 C:\xampp\htdocs\myclinic\vendor\codeigniter4\framework\system\Common.php(1089): CodeIgniter\View\View->render('pendaftaran/oba...', Array, true)
#4 C:\xampp\htdocs\myclinic\app\Controllers\SistemObat.php(38): view('pendaftaran/oba...', Array)
#5 C:\xampp\htdocs\myclinic\vendor\codeigniter4\framework\system\CodeIgniter.php(832): App\Controllers\SistemObat->tindakan('78')
#6 C:\xampp\htdocs\myclinic\vendor\codeigniter4\framework\system\CodeIgniter.php(419): CodeIgniter\CodeIgniter->runController(Object(App\Controllers\SistemObat))
#7 C:\xampp\htdocs\myclinic\vendor\codeigniter4\framework\system\CodeIgniter.php(326): CodeIgniter\CodeIgniter->handleRequest(NULL, Object(Config\Cache), false)
#8 C:\xampp\htdocs\myclinic\public\index.php(37): CodeIgniter\CodeIgniter->run()
#9 C:\xampp\htdocs\myclinic\vendor\codeigniter4\framework\system\Commands\Server\rewrite.php(43): require_once('C:\\xampp\\htdocs...')
#10 {main}
CRITICAL - 2022-05-29 02:56:16 --> Undefined array key "nama_obat"
#0 C:\xampp\htdocs\myclinic\app\Views\pendaftaran\obat\tindakan.php(57): CodeIgniter\Debug\Exceptions->errorHandler(2, 'Undefined array...', 'C:\\xampp\\htdocs...', 57)
#1 C:\xampp\htdocs\myclinic\vendor\codeigniter4\framework\system\View\View.php(210): include('C:\\xampp\\htdocs...')
#2 C:\xampp\htdocs\myclinic\vendor\codeigniter4\framework\system\View\View.php(213): CodeIgniter\View\View->CodeIgniter\View\{closure}()
#3 C:\xampp\htdocs\myclinic\vendor\codeigniter4\framework\system\Common.php(1089): CodeIgniter\View\View->render('pendaftaran/oba...', Array, true)
#4 C:\xampp\htdocs\myclinic\app\Controllers\SistemObat.php(38): view('pendaftaran/oba...', Array)
#5 C:\xampp\htdocs\myclinic\vendor\codeigniter4\framework\system\CodeIgniter.php(832): App\Controllers\SistemObat->tindakan('78')
#6 C:\xampp\htdocs\myclinic\vendor\codeigniter4\framework\system\CodeIgniter.php(419): CodeIgniter\CodeIgniter->runController(Object(App\Controllers\SistemObat))
#7 C:\xampp\htdocs\myclinic\vendor\codeigniter4\framework\system\CodeIgniter.php(326): CodeIgniter\CodeIgniter->handleRequest(NULL, Object(Config\Cache), false)
#8 C:\xampp\htdocs\myclinic\public\index.php(37): CodeIgniter\CodeIgniter->run()
#9 C:\xampp\htdocs\myclinic\vendor\codeigniter4\framework\system\Commands\Server\rewrite.php(43): require_once('C:\\xampp\\htdocs...')
#10 {main}
CRITICAL - 2022-05-29 02:57:09 --> Undefined array key "nama_obat"
#0 C:\xampp\htdocs\myclinic\app\Views\pendaftaran\obat\tindakan.php(57): CodeIgniter\Debug\Exceptions->errorHandler(2, 'Undefined array...', 'C:\\xampp\\htdocs...', 57)
#1 C:\xampp\htdocs\myclinic\vendor\codeigniter4\framework\system\View\View.php(210): include('C:\\xampp\\htdocs...')
#2 C:\xampp\htdocs\myclinic\vendor\codeigniter4\framework\system\View\View.php(213): CodeIgniter\View\View->CodeIgniter\View\{closure}()
#3 C:\xampp\htdocs\myclinic\vendor\codeigniter4\framework\system\Common.php(1089): CodeIgniter\View\View->render('pendaftaran/oba...', Array, true)
#4 C:\xampp\htdocs\myclinic\app\Controllers\SistemObat.php(38): view('pendaftaran/oba...', Array)
#5 C:\xampp\htdocs\myclinic\vendor\codeigniter4\framework\system\CodeIgniter.php(832): App\Controllers\SistemObat->tindakan('78')
#6 C:\xampp\htdocs\myclinic\vendor\codeigniter4\framework\system\CodeIgniter.php(419): CodeIgniter\CodeIgniter->runController(Object(App\Controllers\SistemObat))
#7 C:\xampp\htdocs\myclinic\vendor\codeigniter4\framework\system\CodeIgniter.php(326): CodeIgniter\CodeIgniter->handleRequest(NULL, Object(Config\Cache), false)
#8 C:\xampp\htdocs\myclinic\public\index.php(37): CodeIgniter\CodeIgniter->run()
#9 C:\xampp\htdocs\myclinic\vendor\codeigniter4\framework\system\Commands\Server\rewrite.php(43): require_once('C:\\xampp\\htdocs...')
#10 {main}
CRITICAL - 2022-05-29 02:57:10 --> Undefined array key "nama_obat"
#0 C:\xampp\htdocs\myclinic\app\Views\pendaftaran\obat\tindakan.php(57): CodeIgniter\Debug\Exceptions->errorHandler(2, 'Undefined array...', 'C:\\xampp\\htdocs...', 57)
#1 C:\xampp\htdocs\myclinic\vendor\codeigniter4\framework\system\View\View.php(210): include('C:\\xampp\\htdocs...')
#2 C:\xampp\htdocs\myclinic\vendor\codeigniter4\framework\system\View\View.php(213): CodeIgniter\View\View->CodeIgniter\View\{closure}()
#3 C:\xampp\htdocs\myclinic\vendor\codeigniter4\framework\system\Common.php(1089): CodeIgniter\View\View->render('pendaftaran/oba...', Array, true)
#4 C:\xampp\htdocs\myclinic\app\Controllers\SistemObat.php(38): view('pendaftaran/oba...', Array)
#5 C:\xampp\htdocs\myclinic\vendor\codeigniter4\framework\system\CodeIgniter.php(832): App\Controllers\SistemObat->tindakan('78')
#6 C:\xampp\htdocs\myclinic\vendor\codeigniter4\framework\system\CodeIgniter.php(419): CodeIgniter\CodeIgniter->runController(Object(App\Controllers\SistemObat))
#7 C:\xampp\htdocs\myclinic\vendor\codeigniter4\framework\system\CodeIgniter.php(326): CodeIgniter\CodeIgniter->handleRequest(NULL, Object(Config\Cache), false)
#8 C:\xampp\htdocs\myclinic\public\index.php(37): CodeIgniter\CodeIgniter->run()
#9 C:\xampp\htdocs\myclinic\vendor\codeigniter4\framework\system\Commands\Server\rewrite.php(43): require_once('C:\\xampp\\htdocs...')
#10 {main}
CRITICAL - 2022-05-29 02:57:32 --> Undefined array key "nama_obat"
#0 C:\xampp\htdocs\myclinic\app\Views\pendaftaran\obat\tindakan.php(57): CodeIgniter\Debug\Exceptions->errorHandler(2, 'Undefined array...', 'C:\\xampp\\htdocs...', 57)
#1 C:\xampp\htdocs\myclinic\vendor\codeigniter4\framework\system\View\View.php(210): include('C:\\xampp\\htdocs...')
#2 C:\xampp\htdocs\myclinic\vendor\codeigniter4\framework\system\View\View.php(213): CodeIgniter\View\View->CodeIgniter\View\{closure}()
#3 C:\xampp\htdocs\myclinic\vendor\codeigniter4\framework\system\Common.php(1089): CodeIgniter\View\View->render('pendaftaran/oba...', Array, true)
#4 C:\xampp\htdocs\myclinic\app\Controllers\SistemObat.php(38): view('pendaftaran/oba...', Array)
#5 C:\xampp\htdocs\myclinic\vendor\codeigniter4\framework\system\CodeIgniter.php(832): App\Controllers\SistemObat->tindakan('78')
#6 C:\xampp\htdocs\myclinic\vendor\codeigniter4\framework\system\CodeIgniter.php(419): CodeIgniter\CodeIgniter->runController(Object(App\Controllers\SistemObat))
#7 C:\xampp\htdocs\myclinic\vendor\codeigniter4\framework\system\CodeIgniter.php(326): CodeIgniter\CodeIgniter->handleRequest(NULL, Object(Config\Cache), false)
#8 C:\xampp\htdocs\myclinic\public\index.php(37): CodeIgniter\CodeIgniter->run()
#9 C:\xampp\htdocs\myclinic\vendor\codeigniter4\framework\system\Commands\Server\rewrite.php(43): require_once('C:\\xampp\\htdocs...')
#10 {main}
CRITICAL - 2022-05-29 02:59:45 --> Undefined variable $id_pendaftaran
#0 C:\xampp\htdocs\myclinic\app\Views\pendaftaran\obat\tindakan.php(75): CodeIgniter\Debug\Exceptions->errorHandler(2, 'Undefined varia...', 'C:\\xampp\\htdocs...', 75)
#1 C:\xampp\htdocs\myclinic\vendor\codeigniter4\framework\system\View\View.php(210): include('C:\\xampp\\htdocs...')
#2 C:\xampp\htdocs\myclinic\vendor\codeigniter4\framework\system\View\View.php(213): CodeIgniter\View\View->CodeIgniter\View\{closure}()
#3 C:\xampp\htdocs\myclinic\vendor\codeigniter4\framework\system\Common.php(1089): CodeIgniter\View\View->render('pendaftaran/oba...', Array, true)
#4 C:\xampp\htdocs\myclinic\app\Controllers\SistemObat.php(38): view('pendaftaran/oba...', Array)
#5 C:\xampp\htdocs\myclinic\vendor\codeigniter4\framework\system\CodeIgniter.php(832): App\Controllers\SistemObat->tindakan('78')
#6 C:\xampp\htdocs\myclinic\vendor\codeigniter4\framework\system\CodeIgniter.php(419): CodeIgniter\CodeIgniter->runController(Object(App\Controllers\SistemObat))
#7 C:\xampp\htdocs\myclinic\vendor\codeigniter4\framework\system\CodeIgniter.php(326): CodeIgniter\CodeIgniter->handleRequest(NULL, Object(Config\Cache), false)
#8 C:\xampp\htdocs\myclinic\public\index.php(37): CodeIgniter\CodeIgniter->run()
#9 C:\xampp\htdocs\myclinic\vendor\codeigniter4\framework\system\Commands\Server\rewrite.php(43): require_once('C:\\xampp\\htdocs...')
#10 {main}
CRITICAL - 2022-05-29 04:10:19 --> Undefined variable $waktu_sekarang
#0 C:\xampp\htdocs\myclinic\app\Views\obat\index.php(42): CodeIgniter\Debug\Exceptions->errorHandler(2, 'Undefined varia...', 'C:\\xampp\\htdocs...', 42)
#1 C:\xampp\htdocs\myclinic\vendor\codeigniter4\framework\system\View\View.php(210): include('C:\\xampp\\htdocs...')
#2 C:\xampp\htdocs\myclinic\vendor\codeigniter4\framework\system\View\View.php(213): CodeIgniter\View\View->CodeIgniter\View\{closure}()
#3 C:\xampp\htdocs\myclinic\vendor\codeigniter4\framework\system\Common.php(1089): CodeIgniter\View\View->render('obat/index', Array, true)
#4 C:\xampp\htdocs\myclinic\app\Controllers\Obat.php(21): view('obat/index', Array)
#5 C:\xampp\htdocs\myclinic\vendor\codeigniter4\framework\system\CodeIgniter.php(832): App\Controllers\Obat->index()
#6 C:\xampp\htdocs\myclinic\vendor\codeigniter4\framework\system\CodeIgniter.php(419): CodeIgniter\CodeIgniter->runController(Object(App\Controllers\Obat))
#7 C:\xampp\htdocs\myclinic\vendor\codeigniter4\framework\system\CodeIgniter.php(326): CodeIgniter\CodeIgniter->handleRequest(NULL, Object(Config\Cache), false)
#8 C:\xampp\htdocs\myclinic\public\index.php(37): CodeIgniter\CodeIgniter->run()
#9 C:\xampp\htdocs\myclinic\vendor\codeigniter4\framework\system\Commands\Server\rewrite.php(43): require_once('C:\\xampp\\htdocs...')
#10 {main}
